\BOOKMARK [1][-]{section.1}{\376\377\000B\000a\000c\000k\000g\000r\000o\000u\000n\000d}{}% 1
\BOOKMARK [2][-]{subsection.1.1}{\376\377\000C\000a\000n\000c\000e\000r\000\040\000I\000m\000m\000u\000n\000o\000t\000h\000e\000r\000a\000p\000i\000e\000s}{section.1}% 2
\BOOKMARK [2][-]{subsection.1.2}{\376\377\000A\000\040\000n\000o\000v\000e\000l\000\040\000i\000m\000m\000u\000n\000o\000t\000h\000e\000r\000a\000p\000y\000:\000\040\000C\000B\000D\000-\000I\000L\000-\0001\0002}{section.1}% 3
\BOOKMARK [2][-]{subsection.1.3}{\376\377\000D\000a\000t\000a\000\040\000A\000n\000a\000l\000y\000s\000i\000s\000\040\000w\000i\000t\000h\000\040\000t\000h\000e\000\040\000A\000i\000d\000\040\000o\000f\000\040\000C\000o\000m\000p\000u\000t\000a\000t\000i\000o\000n\000a\000l\000\040\000M\000o\000d\000e\000l\000l\000i\000n\000g}{section.1}% 4
\BOOKMARK [2][-]{subsection.1.4}{\376\377\000P\000r\000o\000p\000o\000s\000e\000d\000\040\000A\000p\000p\000r\000o\000a\000c\000h\000:\000\040\000H\000i\000e\000r\000a\000r\000c\000h\000i\000c\000a\000l\000\040\000B\000a\000y\000e\000s\000i\000a\000n\000\040\000M\000o\000d\000e\000l\000l\000i\000n\000g}{section.1}% 5
\BOOKMARK [1][-]{section.2}{\376\377\000A\000i\000m\000s\000\040\000a\000n\000d\000\040\000O\000b\000j\000e\000c\000t\000i\000v\000e\000s}{}% 6
\BOOKMARK [1][-]{section.3}{\376\377\000E\000t\000h\000i\000c\000a\000l\000\040\000A\000n\000a\000l\000y\000s\000i\000s}{}% 7
\BOOKMARK [1][-]{section.4}{\376\377\000L\000i\000t\000e\000r\000a\000t\000u\000r\000e\000\040\000R\000e\000v\000i\000e\000w\000\040\000o\000n\000\040\000B\000a\000y\000e\000s\000i\000a\000n\000\040\000P\000a\000r\000a\000m\000e\000t\000e\000r\000\040\000E\000s\000t\000i\000m\000a\000t\000i\000o\000n}{}% 8
\BOOKMARK [2][-]{subsection.4.1}{\376\377\000D\000e\000f\000i\000n\000i\000t\000i\000o\000n\000\040\000a\000n\000d\000\040\000N\000o\000t\000a\000t\000i\000o\000n}{section.4}% 9
\BOOKMARK [2][-]{subsection.4.2}{\376\377\000B\000a\000y\000e\000s\000i\000a\000n\000\040\000P\000a\000r\000a\000m\000e\000t\000e\000r\000\040\000E\000s\000t\000i\000m\000a\000t\000i\000o\000n}{section.4}% 10
\BOOKMARK [2][-]{subsection.4.3}{\376\377\000H\000i\000e\000r\000a\000r\000c\000h\000i\000c\000a\000l\000\040\000M\000o\000d\000e\000l\000l\000i\000n\000g}{section.4}% 11
\BOOKMARK [3][-]{subsubsection.4.3.1}{\376\377\000H\000i\000e\000r\000a\000r\000c\000h\000i\000c\000a\000l\000\040\000P\000r\000i\000o\000r\000s\000\040\000a\000n\000d\000\040\000H\000y\000p\000e\000r\000p\000r\000i\000o\000r\000s}{subsection.4.3}% 12
\BOOKMARK [3][-]{subsubsection.4.3.2}{\376\377\000L\000i\000k\000e\000l\000i\000h\000o\000o\000d\000\040\000F\000u\000n\000c\000t\000i\000o\000n}{subsection.4.3}% 13
\BOOKMARK [2][-]{subsection.4.4}{\376\377\000C\000o\000m\000p\000u\000t\000a\000t\000i\000o\000n\000a\000l\000\040\000M\000e\000t\000h\000o\000d\000s}{section.4}% 14
\BOOKMARK [3][-]{subsubsection.4.4.1}{\376\377\000N\000u\000m\000e\000r\000i\000c\000a\000l\000\040\000A\000p\000p\000r\000o\000x\000i\000m\000a\000t\000i\000o\000n\000\040\000o\000f\000\040\000P\000o\000s\000t\000e\000r\000i\000o\000r\000\040\000D\000i\000s\000t\000r\000i\000b\000u\000t\000i\000o\000n\000s}{subsection.4.4}% 15
\BOOKMARK [3][-]{subsubsection.4.4.2}{\376\377\000R\000e\000d\000u\000c\000t\000i\000o\000n\000\040\000o\000f\000\040\000t\000h\000e\000\040\000P\000a\000r\000a\000m\000e\000t\000e\000r\000\040\000S\000p\000a\000c\000e\000\040\000t\000h\000r\000o\000u\000g\000h\000\040\000S\000e\000n\000s\000i\000t\000i\000v\000i\000t\000y\000\040\000A\000n\000a\000l\000y\000s\000i\000s}{subsection.4.4}% 16
\BOOKMARK [1][-]{section.5}{\376\377\000R\000i\000s\000k\000\040\000R\000e\000g\000i\000s\000t\000e\000r}{}% 17
\BOOKMARK [1][-]{section.6}{\376\377\000E\000v\000a\000l\000u\000a\000t\000i\000o\000n}{}% 18
\BOOKMARK [1][-]{section.7}{\376\377\000P\000r\000e\000l\000i\000m\000i\000n\000a\000r\000y\000\040\000R\000e\000s\000u\000l\000t\000s}{}% 19
\BOOKMARK [2][-]{subsection.7.1}{\376\377\000V\000e\000r\000i\000f\000y\000i\000n\000g\000\040\000t\000h\000e\000\040\000D\000y\000n\000a\000m\000i\000c\000s\000\040\000o\000f\000\040\000t\000h\000e\000\040\000M\000e\000c\000h\000a\000n\000i\000s\000t\000i\000c\000\040\000M\000o\000d\000e\000l}{section.7}% 20
\BOOKMARK [2][-]{subsection.7.2}{\376\377\000C\000o\000n\000s\000t\000r\000u\000c\000t\000i\000o\000n\000\040\000a\000n\000d\000\040\000V\000a\000l\000i\000d\000a\000t\000i\000o\000n\000\040\000o\000f\000\040\000t\000h\000e\000\040\000B\000a\000y\000e\000s\000i\000a\000n\000\040\000M\000o\000d\000e\000l\000\040\000\050\000O\000b\000j\000e\000c\000t\000i\000v\000e\000\040\0001\000\051}{section.7}% 21
\BOOKMARK [3][-]{subsubsection.7.2.1}{\376\377\000P\000r\000i\000o\000r\000\040\000P\000r\000e\000d\000i\000c\000t\000i\000v\000e\000\040\000C\000h\000e\000c\000k}{subsection.7.2}% 22
\BOOKMARK [3][-]{subsubsection.7.2.2}{\376\377\000F\000a\000k\000e\000\040\000D\000a\000t\000a\000\040\000C\000h\000e\000c\000k}{subsection.7.2}% 23
\BOOKMARK [1][-]{section.8}{\376\377\000I\000m\000p\000l\000e\000m\000e\000n\000t\000a\000t\000i\000o\000n\000\040\000P\000l\000a\000n}{}% 24
\BOOKMARK [1][-]{appendix.A}{\376\377\000P\000a\000r\000a\000m\000e\000t\000e\000r\000s\000\040\000o\000f\000\040\000t\000h\000e\000\040\000C\000o\000m\000p\000u\000t\000a\000t\000i\000o\000n\000a\000l\000\040\000M\000o\000d\000e\000l}{}% 25
\BOOKMARK [1][-]{table.caption.13}{\376\377\000R\000e\000f\000e\000r\000e\000n\000c\000e\000s}{}% 26
